THCudaCheck FAIL file=torch/csrc/cuda/Module.cpp line=191 error=4 : unspecified launch failure

============================================================

Loading Field II scatterer data from C:\Users\spenc\Desktop\Experiments\ftp_files\cyst_phantom\pht_data.mat
Scatterer data loaded. Total # scatterers: 100,000
Output buffer elements     1,168,800       = 2 x [Time samples] x [Receiver subelements] -- `2 x` because data is complex
Time samples               11,688         
Transmitter subelements    50             
Receiver subelements       50             
Scatterer samples          100,000        
CUDA threads               250,880,000     = 1024 * ceil([Scatterer samples] / 1024) x [Transmitter subelements] x [Receiver subelements]
CUDA blocks                244,140         = [CUDA threads] / 1024    
12.5 seconds
torch.Size([1168800])

============================================================

num_elements=50 --> 12.5 seconds

============================================================

Loading Field II scatterer data from C:\Users\spenc\Desktop\Experiments\ftp_files\cyst_phantom\pht_data.mat
Scatterer data loaded. Total # scatterers: 100,000
Output buffer elements     2,337,600       = 2 x [Time samples] x [Receiver subelements] -- `2 x` because data is complex
Time samples               11,688         
Transmitter subelements    100            
Receiver subelements       100            
Scatterer samples          100,000        
CUDA threads               1,003,520,000   = 1024 * ceil([Scatterer samples] / 1024) x [Transmitter subelements] x [Receiver subelements]
CUDA blocks                976,562         = [CUDA threads] / 1024    
27.5 seconds
torch.Size([2337600])

============================================================

num_elements=100 --> 27.5 seconds

============================================================

Loading Field II scatterer data from C:\Users\spenc\Desktop\Experiments\ftp_files\cyst_phantom\pht_data.mat
Scatterer data loaded. Total # scatterers: 100,000
Output buffer elements     3,506,400       = 2 x [Time samples] x [Receiver subelements] -- `2 x` because data is complex
Time samples               11,688         
Transmitter subelements    150            
Receiver subelements       150            
Scatterer samples          100,000        
CUDA threads               2,257,920,000   = 1024 * ceil([Scatterer samples] / 1024) x [Transmitter subelements] x [Receiver subelements]
CUDA blocks                2,197,265       = [CUDA threads] / 1024    
44.9 seconds
torch.Size([3506400])

============================================================

num_elements=150 --> 44.9 seconds

============================================================

Loading Field II scatterer data from C:\Users\spenc\Desktop\Experiments\ftp_files\cyst_phantom\pht_data.mat
Scatterer data loaded. Total # scatterers: 100,000
Output buffer elements     4,675,200       = 2 x [Time samples] x [Receiver subelements] -- `2 x` because data is complex
Time samples               11,688         
Transmitter subelements    200            
Receiver subelements       200            
Scatterer samples          100,000        
CUDA threads               4,014,080,000   = 1024 * ceil([Scatterer samples] / 1024) x [Transmitter subelements] x [Receiver subelements]
CUDA blocks                3,906,250       = [CUDA threads] / 1024    
63.2 seconds
torch.Size([4675200])

============================================================

num_elements=200 --> 63.2 seconds

============================================================

Loading Field II scatterer data from C:\Users\spenc\Desktop\Experiments\ftp_files\cyst_phantom\pht_data.mat
Scatterer data loaded. Total # scatterers: 100,000
Output buffer elements     5,844,000       = 2 x [Time samples] x [Receiver subelements] -- `2 x` because data is complex
Time samples               11,688         
Transmitter subelements    250            
Receiver subelements       250            
Scatterer samples          100,000        
CUDA threads               6,272,000,000   = 1024 * ceil([Scatterer samples] / 1024) x [Transmitter subelements] x [Receiver subelements]
CUDA blocks                6,103,515       = [CUDA threads] / 1024    
80.0 seconds
torch.Size([5844000])

============================================================

num_elements=250 --> 80.0 seconds

============================================================

Loading Field II scatterer data from C:\Users\spenc\Desktop\Experiments\ftp_files\cyst_phantom\pht_data.mat
Scatterer data loaded. Total # scatterers: 100,000
Output buffer elements     7,012,800       = 2 x [Time samples] x [Receiver subelements] -- `2 x` because data is complex
Time samples               11,688         
Transmitter subelements    300            
Receiver subelements       300            
Scatterer samples          100,000        
CUDA threads               9,031,680,000   = 1024 * ceil([Scatterer samples] / 1024) x [Transmitter subelements] x [Receiver subelements]
CUDA blocks                8,789,062       = [CUDA threads] / 1024    
96.5 seconds
torch.Size([7012800])

============================================================

num_elements=300 --> 96.5 seconds

============================================================

Loading Field II scatterer data from C:\Users\spenc\Desktop\Experiments\ftp_files\cyst_phantom\pht_data.mat
Scatterer data loaded. Total # scatterers: 100,000
Output buffer elements     8,181,600       = 2 x [Time samples] x [Receiver subelements] -- `2 x` because data is complex
Time samples               11,688         
Transmitter subelements    350            
Receiver subelements       350            
Scatterer samples          100,000        
CUDA threads               12,293,120,000  = 1024 * ceil([Scatterer samples] / 1024) x [Transmitter subelements] x [Receiver subelements]
CUDA blocks                11,962,890      = [CUDA threads] / 1024    
See CUDA documentation for list of error codes:
https://docs.nvidia.com/cuda/cuda-runtime-api/group__CUDART__TYPES.html#group__CUDART__TYPES_1g3f51e3575c2178246db0a94a430e0038
Broke at 350.
cuda runtime error (4) : unspecified launch failure at torch/csrc/cuda/Module.cpp:191
Finished timing after 327.4 seconds.
